<?xml version="1.0" encoding="UTF-8"?>
<!-- Generated by org.testng.reporters.JUnitReportReporter -->
<testsuite hostname="INMUVADP016574" failures="0" tests="1" name="Runner.TestApplication" time="50.028" errors="1" timestamp="2022-12-13T15:38:53 IST" skipped="0">
  <testcase classname="Runner.TestApplication" name="runScenario" time="50.028">
    <error message="element click intercepted: Element &lt;ion-button color=&quot;primary&quot; ng-reflect-color=&quot;primary&quot; ng-reflect-disabled=&quot;true&quot; aria-disabled=&quot;true&quot; class=&quot;ion-color ion-color-primary md button button-clear in-toolbar button-disabled ion-activatable ion-focusable hydrated&quot; disabled=&quot;&quot;&gt;...&lt;/ion-button&gt; is not clickable at point (1415, 88). Other element would receive the click: &lt;ion-buttons slot=&quot;end&quot; class=&quot;buttons-last-slot sc-ion-buttons-md-h sc-ion-buttons-md-s md hydrated&quot;&gt;...&lt;/ion-buttons&gt;
  (Session info: chrome=108.0.5359.99)
Build info: version: &#039;4.0.0-rc-1&#039;, revision: &#039;bc5511cbda&#039;
System info: host: &#039;INMUVADP016574&#039;, ip: &#039;10.1.47.116&#039;, os.name: &#039;Windows 10&#039;, os.arch: &#039;amd64&#039;, os.version: &#039;10.0&#039;, java.version: &#039;17.0.1&#039;
Driver info: org.openqa.selenium.chrome.ChromeDriver
Command: [88755424fcb256f4fbb2428a78489014, clickElement {id=a294f91b-f509-47dc-b26d-cece8a7d42d3}]
Capabilities {acceptInsecureCerts: false, browserName: chrome, browserVersion: 108.0.5359.99, chrome: {chromedriverVersion: 108.0.5359.71 (1e0e3868ee06..., userDataDir: C:\Users\ININDC~1\AppData\L...}, goog:chromeOptions: {debuggerAddress: localhost:58890}, javascriptEnabled: true, networkConnectionEnabled: false, pageLoadStrategy: normal, platform: WINDOWS, platformName: WINDOWS, proxy: Proxy(), se:cdp: ws://localhost:58890/devtoo..., se:cdpVersion: 108.0.5359.99, setWindowRect: true, strictFileInteractability: false, timeouts: {implicit: 0, pageLoad: 300000, script: 30000}, unhandledPromptBehavior: dismiss and notify, webauthn:extension:credBlob: true, webauthn:extension:largeBlob: true, webauthn:virtualAuthenticators: true}
Element: [[ChromeDriver: chrome on WINDOWS (88755424fcb256f4fbb2428a78489014)] -&gt; xpath: (//ion-buttons[2]/ion-button[1])[2]]
Session ID: 88755424fcb256f4fbb2428a78489014" type="org.openqa.selenium.ElementClickInterceptedException">
      <![CDATA[org.openqa.selenium.ElementClickInterceptedException: element click intercepted: Element <ion-button color="primary" ng-reflect-color="primary" ng-reflect-disabled="true" aria-disabled="true" class="ion-color ion-color-primary md button button-clear in-toolbar button-disabled ion-activatable ion-focusable hydrated" disabled="">...</ion-button> is not clickable at point (1415, 88). Other element would receive the click: <ion-buttons slot="end" class="buttons-last-slot sc-ion-buttons-md-h sc-ion-buttons-md-s md hydrated">...</ion-buttons>
  (Session info: chrome=108.0.5359.99)
Build info: version: '4.0.0-rc-1', revision: 'bc5511cbda'
System info: host: 'INMUVADP016574', ip: '10.1.47.116', os.name: 'Windows 10', os.arch: 'amd64', os.version: '10.0', java.version: '17.0.1'
Driver info: org.openqa.selenium.chrome.ChromeDriver
Command: [88755424fcb256f4fbb2428a78489014, clickElement {id=a294f91b-f509-47dc-b26d-cece8a7d42d3}]
Capabilities {acceptInsecureCerts: false, browserName: chrome, browserVersion: 108.0.5359.99, chrome: {chromedriverVersion: 108.0.5359.71 (1e0e3868ee06..., userDataDir: C:\Users\ININDC~1\AppData\L...}, goog:chromeOptions: {debuggerAddress: localhost:58890}, javascriptEnabled: true, networkConnectionEnabled: false, pageLoadStrategy: normal, platform: WINDOWS, platformName: WINDOWS, proxy: Proxy(), se:cdp: ws://localhost:58890/devtoo..., se:cdpVersion: 108.0.5359.99, setWindowRect: true, strictFileInteractability: false, timeouts: {implicit: 0, pageLoad: 300000, script: 30000}, unhandledPromptBehavior: dismiss and notify, webauthn:extension:credBlob: true, webauthn:extension:largeBlob: true, webauthn:virtualAuthenticators: true}
Element: [[ChromeDriver: chrome on WINDOWS (88755424fcb256f4fbb2428a78489014)] -> xpath: (//ion-buttons[2]/ion-button[1])[2]]
Session ID: 88755424fcb256f4fbb2428a78489014
at java.base/jdk.internal.reflect.NativeConstructorAccessorImpl.newInstance0(Native Method)
at java.base/jdk.internal.reflect.NativeConstructorAccessorImpl.newInstance(NativeConstructorAccessorImpl.java:77)
at java.base/jdk.internal.reflect.DelegatingConstructorAccessorImpl.newInstance(DelegatingConstructorAccessorImpl.java:45)
at java.base/java.lang.reflect.Constructor.newInstanceWithCaller(Constructor.java:499)
at java.base/java.lang.reflect.Constructor.newInstance(Constructor.java:480)
at org.openqa.selenium.remote.codec.w3c.W3CHttpResponseCodec.createException(W3CHttpResponseCodec.java:200)
at org.openqa.selenium.remote.codec.w3c.W3CHttpResponseCodec.decode(W3CHttpResponseCodec.java:133)
at org.openqa.selenium.remote.codec.w3c.W3CHttpResponseCodec.decode(W3CHttpResponseCodec.java:53)
at org.openqa.selenium.remote.HttpCommandExecutor.execute(HttpCommandExecutor.java:184)
at org.openqa.selenium.remote.service.DriverCommandExecutor.invokeExecute(DriverCommandExecutor.java:164)
at org.openqa.selenium.remote.service.DriverCommandExecutor.execute(DriverCommandExecutor.java:139)
at org.openqa.selenium.remote.RemoteWebDriver.execute(RemoteWebDriver.java:547)
at org.openqa.selenium.remote.RemoteWebElement.execute(RemoteWebElement.java:251)
at org.openqa.selenium.remote.RemoteWebElement.click(RemoteWebElement.java:77)
at java.base/jdk.internal.reflect.NativeMethodAccessorImpl.invoke0(Native Method)
at java.base/jdk.internal.reflect.NativeMethodAccessorImpl.invoke(NativeMethodAccessorImpl.java:77)
at java.base/jdk.internal.reflect.DelegatingMethodAccessorImpl.invoke(DelegatingMethodAccessorImpl.java:43)
at java.base/java.lang.reflect.Method.invoke(Method.java:568)
at org.openqa.selenium.support.pagefactory.internal.LocatingElementHandler.invoke(LocatingElementHandler.java:52)
at jdk.proxy2/jdk.proxy2.$Proxy46.click(Unknown Source)
at stepdefinitions.ACCOUNTSPAYABLE_VendorContracts.fill_the_required_fields_to_create_contract(ACCOUNTSPAYABLE_VendorContracts.java:315)
at ✽.Fill the required fields to create contract(file:///C:/Users/inindc00071/eclipse-workspace/AzentioAutomationFramework_ExcelKUBSKarthiM2/src/test/java/features/FixedAssetCreation.feature:90)
]]>
    </error>
  </testcase> <!-- runScenario -->
  <system-out/>
</testsuite> <!-- Runner.TestApplication -->
