<?xml version="1.0" encoding="UTF-8"?>
<testng-results ignored="0" total="1" passed="1" failed="0" skipped="0">
  <reporter-output>
  </reporter-output>
  <suite started-at="2022-03-31T12:42:24 IST" name="Default suite" finished-at="2022-03-31T12:43:53 IST" duration-ms="89045">
    <groups>
      <group name="cucumber">
        <method signature="AbstractTestNGCucumberTests.runScenario(io.cucumber.testng.PickleWrapper,io.cucumber.testng.FeatureWrapper)[pri:0, instance:Runner.TestApplication@2d901eb0]" name="runScenario" class="io.cucumber.testng.AbstractTestNGCucumberTests"/>
      </group> <!-- cucumber -->
    </groups>
    <test started-at="2022-03-31T12:42:24 IST" name="Default test" finished-at="2022-03-31T12:43:53 IST" duration-ms="89045">
      <class name="Runner.TestApplication">
        <test-method is-config="true" signature="beforeExecution()[pri:0, instance:Runner.TestApplication@2d901eb0]" started-at="2022-03-31T12:42:24 IST" name="beforeExecution" finished-at="2022-03-31T12:42:24 IST" duration-ms="9" status="PASS">
          <reporter-output>
          </reporter-output>
        </test-method> <!-- beforeExecution -->
        <test-method is-config="true" signature="setUpClass()[pri:0, instance:Runner.TestApplication@2d901eb0]" started-at="2022-03-31T12:42:24 IST" name="setUpClass" finished-at="2022-03-31T12:42:26 IST" duration-ms="2190" status="PASS">
          <reporter-output>
          </reporter-output>
        </test-method> <!-- setUpClass -->
        <test-method signature="runScenario(io.cucumber.testng.PickleWrapper,io.cucumber.testng.FeatureWrapper)[pri:0, instance:Runner.TestApplication@2d901eb0]" started-at="2022-03-31T12:42:27 IST" name="runScenario" description="Runs Cucumber Scenarios" data-provider="scenarios" finished-at="2022-03-31T12:43:36 IST" duration-ms="69635" status="PASS">
          <params>
            <param index="0">
              <value>
                <![CDATA["De-activate the account book"]]>
              </value>
            </param>
            <param index="1">
              <value>
                <![CDATA["Optional[To test the Gendral Ledgure module]"]]>
              </value>
            </param>
          </params>
          <reporter-output>
          </reporter-output>
        </test-method> <!-- runScenario -->
        <test-method is-config="true" signature="tearDownClass()[pri:0, instance:Runner.TestApplication@2d901eb0]" started-at="2022-03-31T12:43:36 IST" name="tearDownClass" finished-at="2022-03-31T12:43:53 IST" duration-ms="16899" status="PASS">
          <reporter-output>
          </reporter-output>
        </test-method> <!-- tearDownClass -->
        <test-method is-config="true" signature="afterExecution()[pri:0, instance:Runner.TestApplication@2d901eb0]" started-at="2022-03-31T12:43:53 IST" name="afterExecution" finished-at="2022-03-31T12:43:54 IST" duration-ms="376" status="PASS">
          <reporter-output>
          </reporter-output>
        </test-method> <!-- afterExecution -->
      </class> <!-- Runner.TestApplication -->
    </test> <!-- Default test -->
  </suite> <!-- Default suite -->
</testng-results>
