<?xml version="1.0" encoding="UTF-8"?>
<testng-results ignored="0" total="1" passed="1" failed="0" skipped="0">
  <reporter-output>
  </reporter-output>
  <suite started-at="2022-03-03T18:37:52 IST" name="Default suite" finished-at="2022-03-03T18:38:50 IST" duration-ms="58722">
    <groups>
      <group name="cucumber">
        <method signature="AbstractTestNGCucumberTests.runScenario(io.cucumber.testng.PickleWrapper,io.cucumber.testng.FeatureWrapper)[pri:0, instance:Runner.TestApplication@8519cb4]" name="runScenario" class="io.cucumber.testng.AbstractTestNGCucumberTests"/>
      </group> <!-- cucumber -->
    </groups>
    <test started-at="2022-03-03T18:37:52 IST" name="Default test" finished-at="2022-03-03T18:38:50 IST" duration-ms="58722">
      <class name="Runner.TestApplication">
        <test-method is-config="true" signature="beforeExecution()[pri:0, instance:Runner.TestApplication@8519cb4]" started-at="2022-03-03T18:37:52 IST" name="beforeExecution" finished-at="2022-03-03T18:37:52 IST" duration-ms="7" status="PASS">
          <reporter-output>
          </reporter-output>
        </test-method> <!-- beforeExecution -->
        <test-method is-config="true" signature="setUpClass()[pri:0, instance:Runner.TestApplication@8519cb4]" started-at="2022-03-03T18:37:52 IST" name="setUpClass" finished-at="2022-03-03T18:37:53 IST" duration-ms="1142" status="PASS">
          <reporter-output>
          </reporter-output>
        </test-method> <!-- setUpClass -->
        <test-method signature="runScenario(io.cucumber.testng.PickleWrapper,io.cucumber.testng.FeatureWrapper)[pri:0, instance:Runner.TestApplication@8519cb4]" started-at="2022-03-03T18:37:53 IST" name="runScenario" description="Runs Cucumber Scenarios" data-provider="scenarios" finished-at="2022-03-03T18:38:45 IST" duration-ms="51865" status="PASS">
          <params>
            <param index="0">
              <value>
                <![CDATA["Verify accounting entries post payment settlement approval"]]>
              </value>
            </param>
            <param index="1">
              <value>
                <![CDATA["Optional[Checking GRN module]"]]>
              </value>
            </param>
          </params>
          <reporter-output>
          </reporter-output>
        </test-method> <!-- runScenario -->
        <test-method is-config="true" signature="tearDownClass()[pri:0, instance:Runner.TestApplication@8519cb4]" started-at="2022-03-03T18:38:45 IST" name="tearDownClass" finished-at="2022-03-03T18:38:50 IST" duration-ms="5663" status="PASS">
          <reporter-output>
          </reporter-output>
        </test-method> <!-- tearDownClass -->
        <test-method is-config="true" signature="afterExecution()[pri:0, instance:Runner.TestApplication@8519cb4]" started-at="2022-03-03T18:38:50 IST" name="afterExecution" finished-at="2022-03-03T18:38:51 IST" duration-ms="227" status="PASS">
          <reporter-output>
          </reporter-output>
        </test-method> <!-- afterExecution -->
      </class> <!-- Runner.TestApplication -->
    </test> <!-- Default test -->
  </suite> <!-- Default suite -->
</testng-results>
