<?xml version="1.0" encoding="UTF-8"?>
<!-- Generated by org.testng.reporters.JUnitReportReporter -->
<testsuite hostname="DESKTOP-PSK9T3U" failures="1" tests="1" name="Runner.TestApplication" time="48.582" errors="0" timestamp="2023-01-18T17:49:00 IST" skipped="0">
  <testcase classname="Runner.TestApplication" name="runScenario" time="48.582">
    <failure message="no such element: Unable to locate element: {&quot;method&quot;:&quot;xpath&quot;,&quot;selector&quot;:&quot;//ng-dropdown-panel//span[text()=&#039;Capital Budgets&#039;]&quot;}
  (Session info: chrome=109.0.5414.75)
For documentation on this error, please visit: https://selenium.dev/exceptions/#no_such_element
Build info: version: &#039;4.0.0-rc-1&#039;, revision: &#039;bc5511cbda&#039;
System info: host: &#039;DESKTOP-PSK9T3U&#039;, ip: &#039;10.200.4.140&#039;, os.name: &#039;Windows 10&#039;, os.arch: &#039;amd64&#039;, os.version: &#039;10.0&#039;, java.version: &#039;16.0.2&#039;
Driver info: org.openqa.selenium.chrome.ChromeDriver
Command: [352bfbb0eb6f93c170c311cba1dc13d2, findElement {using=xpath, value=//ng-dropdown-panel//span[text()=&#039;Capital Budgets&#039;]}]
Capabilities {acceptInsecureCerts: false, browserName: chrome, browserVersion: 109.0.5414.75, chrome: {chromedriverVersion: 108.0.5359.71 (1e0e3868ee06..., userDataDir: C:\Users\ININDC~1\AppData\L...}, goog:chromeOptions: {debuggerAddress: localhost:55735}, javascriptEnabled: true, networkConnectionEnabled: false, pageLoadStrategy: normal, platform: WINDOWS, platformName: WINDOWS, proxy: Proxy(), se:cdp: ws://localhost:55735/devtoo..., se:cdpVersion: 109.0.5414.75, setWindowRect: true, strictFileInteractability: false, timeouts: {implicit: 0, pageLoad: 300000, script: 30000}, unhandledPromptBehavior: dismiss and notify, webauthn:extension:credBlob: true, webauthn:extension:largeBlob: true, webauthn:virtualAuthenticators: true}
Session ID: 352bfbb0eb6f93c170c311cba1dc13d2" type="java.lang.AssertionError">
      <![CDATA[java.lang.AssertionError: no such element: Unable to locate element: {"method":"xpath","selector":"//ng-dropdown-panel//span[text()='Capital Budgets']"}
  (Session info: chrome=109.0.5414.75)
For documentation on this error, please visit: https://selenium.dev/exceptions/#no_such_element
Build info: version: '4.0.0-rc-1', revision: 'bc5511cbda'
System info: host: 'DESKTOP-PSK9T3U', ip: '10.200.4.140', os.name: 'Windows 10', os.arch: 'amd64', os.version: '10.0', java.version: '16.0.2'
Driver info: org.openqa.selenium.chrome.ChromeDriver
Command: [352bfbb0eb6f93c170c311cba1dc13d2, findElement {using=xpath, value=//ng-dropdown-panel//span[text()='Capital Budgets']}]
Capabilities {acceptInsecureCerts: false, browserName: chrome, browserVersion: 109.0.5414.75, chrome: {chromedriverVersion: 108.0.5359.71 (1e0e3868ee06..., userDataDir: C:\Users\ININDC~1\AppData\L...}, goog:chromeOptions: {debuggerAddress: localhost:55735}, javascriptEnabled: true, networkConnectionEnabled: false, pageLoadStrategy: normal, platform: WINDOWS, platformName: WINDOWS, proxy: Proxy(), se:cdp: ws://localhost:55735/devtoo..., se:cdpVersion: 109.0.5414.75, setWindowRect: true, strictFileInteractability: false, timeouts: {implicit: 0, pageLoad: 300000, script: 30000}, unhandledPromptBehavior: dismiss and notify, webauthn:extension:credBlob: true, webauthn:extension:largeBlob: true, webauthn:virtualAuthenticators: true}
Session ID: 352bfbb0eb6f93c170c311cba1dc13d2
at org.testng.Assert.fail(Assert.java:99)
at stepdefinitions.BUDGET_UAT_BudgetDefinition.choose_yearly_option_in_budget_type_for_budget_code_creation(BUDGET_UAT_BudgetDefinition.java:485)
at ✽.choose yearly option in budget type for budget code creation(file:///C:/Users/ININDC00482/git/AzentioAutomationFramework2/AzentioAutomationFramework_FixedAsset/src/test/java/features/BudgetAndPlanning_UATRequestAndAllocation.feature:561)
]]>
    </failure>
  </testcase> <!-- runScenario -->
  <system-out/>
</testsuite> <!-- Runner.TestApplication -->
