<?xml version="1.0" encoding="UTF-8"?>
<!-- Generated by org.testng.reporters.JUnitReportReporter -->
<testsuite hostname="INMUVADP016585" failures="1" tests="1" name="Runner.TestApplication" time="87.666" errors="0" timestamp="2022-11-15T13:02:36 IST" skipped="0">
  <testcase classname="Runner.TestApplication" name="runScenario" time="87.666">
    <failure message="java.lang.reflect.InvocationTargetException
Build info: version: &#039;4.0.0-rc-1&#039;, revision: &#039;bc5511cbda&#039;
System info: host: &#039;INMUVADP016585&#039;, ip: &#039;10.1.47.108&#039;, os.name: &#039;Windows 10&#039;, os.arch: &#039;amd64&#039;, os.version: &#039;10.0&#039;, java.version: &#039;17.0.2&#039;
Driver info: org.openqa.selenium.chrome.ChromeDriver
Command: [3ad6cf0e8b84a061edf636561d3a7498, actions {actions=[org.openqa.selenium.interactions.Sequence@3a1e5fa7]}]
Capabilities {acceptInsecureCerts: false, browserName: chrome, browserVersion: 105.0.5195.125, chrome: {chromedriverVersion: 105.0.5195.52 (412c95e51883..., userDataDir: C:\Users\ININDC~3\AppData\L...}, goog:chromeOptions: {debuggerAddress: localhost:49428}, javascriptEnabled: true, networkConnectionEnabled: false, pageLoadStrategy: normal, platform: WINDOWS, platformName: WINDOWS, proxy: Proxy(), se:cdp: ws://localhost:49428/devtoo..., se:cdpVersion: 105.0.5195.125, setWindowRect: true, strictFileInteractability: false, timeouts: {implicit: 0, pageLoad: 300000, script: 30000}, unhandledPromptBehavior: dismiss and notify, webauthn:extension:credBlob: true, webauthn:extension:largeBlob: true, webauthn:virtualAuthenticators: true}
Session ID: 3ad6cf0e8b84a061edf636561d3a7498" type="java.lang.AssertionError">
      <![CDATA[java.lang.AssertionError: java.lang.reflect.InvocationTargetException
Build info: version: '4.0.0-rc-1', revision: 'bc5511cbda'
System info: host: 'INMUVADP016585', ip: '10.1.47.108', os.name: 'Windows 10', os.arch: 'amd64', os.version: '10.0', java.version: '17.0.2'
Driver info: org.openqa.selenium.chrome.ChromeDriver
Command: [3ad6cf0e8b84a061edf636561d3a7498, actions {actions=[org.openqa.selenium.interactions.Sequence@3a1e5fa7]}]
Capabilities {acceptInsecureCerts: false, browserName: chrome, browserVersion: 105.0.5195.125, chrome: {chromedriverVersion: 105.0.5195.52 (412c95e51883..., userDataDir: C:\Users\ININDC~3\AppData\L...}, goog:chromeOptions: {debuggerAddress: localhost:49428}, javascriptEnabled: true, networkConnectionEnabled: false, pageLoadStrategy: normal, platform: WINDOWS, platformName: WINDOWS, proxy: Proxy(), se:cdp: ws://localhost:49428/devtoo..., se:cdpVersion: 105.0.5195.125, setWindowRect: true, strictFileInteractability: false, timeouts: {implicit: 0, pageLoad: 300000, script: 30000}, unhandledPromptBehavior: dismiss and notify, webauthn:extension:credBlob: true, webauthn:extension:largeBlob: true, webauthn:virtualAuthenticators: true}
Session ID: 3ad6cf0e8b84a061edf636561d3a7498
at org.testng.Assert.fail(Assert.java:99)
at stepdefinitions.KUBS_Login.loginToAzentioApp(KUBS_Login.java:61)
at stepdefinitions.ACCOUNTSPAYABLE_VendorContracts.user_should_go_to_the_kubs_url_and_login_as_a_maker_user(ACCOUNTSPAYABLE_VendorContracts.java:50)
at ✽.User should go to the kubs url and login as a maker user(file:///C:/Users/inindc00482/git/AzentioAutomationFrameworkFixedAsset/AzentioAutomationFramework_FixedAsset/src/test/java/features/GeneralLedger2_UAT.feature:294)
]]>
    </failure>
  </testcase> <!-- runScenario -->
  <system-out/>
</testsuite> <!-- Runner.TestApplication -->
