# JRE version: OpenJDK Runtime Environment Temurin-17.0.1+12 (17.0.1+12) (build 17.0.1+12)
# Java VM: OpenJDK 64-Bit Server VM Temurin-17.0.1+12 (17.0.1+12, mixed mode, tiered, compressed oops, compressed class ptrs, g1 gc, windows-amd64)
GC Precious Log:
 CPUs: 4 total, 4 available
 Memory: 4003M
 Large Page Support: Disabled
 NUMA Support: Disabled
 Compressed Oops: Enabled (32-bit)
 Heap Region Size: 1M
 Heap Min Capacity: 8M
 Heap Initial Capacity: 64M
 Heap Max Capacity: 1002M
 Pre-touch: Disabled
 Parallel Workers: 4
 Concurrent Workers: 1
 Concurrent Refinement Workers: 4
 Periodic GC: Disabled
Heap:
 garbage-first heap   total 73728K, used 41012K [0x00000000c1600000, 0x0000000100000000)
  region size 1024K, 5 young (5120K), 1 survivors (1024K)
 Metaspace       used 47777K, committed 48192K, reserved 1097728K
  class space    used 5393K, committed 5568K, reserved 1048576K
GC Heap History (20 events):
Event: 1156.160 GC heap before
{Heap before GC invocations=185 (full 0):
 garbage-first heap   total 73728K, used 62485K [0x00000000c1600000, 0x0000000100000000)
  region size 1024K, 25 young (25600K), 1 survivors (1024K)
 Metaspace       used 47777K, committed 48192K, reserved 1097728K
  class space    used 5393K, committed 5568K, reserved 1048576K
}
Event: 1156.162 GC heap after
{Heap after GC invocations=186 (full 0):
 garbage-first heap   total 73728K, used 38985K [0x00000000c1600000, 0x0000000100000000)
  region size 1024K, 1 young (1024K), 1 survivors (1024K)
 Metaspace       used 47777K, committed 48192K, reserved 1097728K
  class space    used 5393K, committed 5568K, reserved 1048576K
}
Event: 1169.301 GC heap before
{Heap before GC invocations=186 (full 0):
 garbage-first heap   total 73728K, used 62537K [0x00000000c1600000, 0x0000000100000000)
  region size 1024K, 25 young (25600K), 1 survivors (1024K)
 Metaspace       used 47777K, committed 48192K, reserved 1097728K
  class space    used 5393K, committed 5568K, reserved 1048576K
}
Event: 1169.351 GC heap after
{Heap after GC invocations=187 (full 0):
 garbage-first heap   total 73728K, used 38980K [0x00000000c1600000, 0x0000000100000000)
  region size 1024K, 1 young (1024K), 1 survivors (1024K)
 Metaspace       used 47777K, committed 48192K, reserved 1097728K
  class space    used 5393K, committed 5568K, reserved 1048576K
}
Event: 1179.714 GC heap before
{Heap before GC invocations=187 (full 0):
 garbage-first heap   total 73728K, used 62532K [0x00000000c1600000, 0x0000000100000000)
  region size 1024K, 25 young (25600K), 1 survivors (1024K)
 Metaspace       used 47777K, committed 48192K, reserved 1097728K
  class space    used 5393K, committed 5568K, reserved 1048576K
}
Event: 1179.715 GC heap after
{Heap after GC invocations=188 (full 0):
 garbage-first heap   total 73728K, used 38978K [0x00000000c1600000, 0x0000000100000000)
  region size 1024K, 1 young (1024K), 1 survivors (1024K)
 Metaspace       used 47777K, committed 48192K, reserved 1097728K
  class space    used 5393K, committed 5568K, reserved 1048576K
}
Event: 1189.928 GC heap before
{Heap before GC invocations=188 (full 0):
 garbage-first heap   total 73728K, used 62530K [0x00000000c1600000, 0x0000000100000000)
  region size 1024K, 25 young (25600K), 1 survivors (1024K)
 Metaspace       used 47777K, committed 48192K, reserved 1097728K
  class space    used 5393K, committed 5568K, reserved 1048576K
}
Event: 1189.929 GC heap after
{Heap after GC invocations=189 (full 0):
 garbage-first heap   total 73728K, used 38971K [0x00000000c1600000, 0x0000000100000000)
  region size 1024K, 1 young (1024K), 1 survivors (1024K)
 Metaspace       used 47777K, committed 48192K, reserved 1097728K
  class space    used 5393K, committed 5568K, reserved 1048576K
}
Event: 1200.180 GC heap before
{Heap before GC invocations=189 (full 0):
 garbage-first heap   total 73728K, used 62523K [0x00000000c1600000, 0x0000000100000000)
  region size 1024K, 25 young (25600K), 1 survivors (1024K)
 Metaspace       used 47777K, committed 48192K, reserved 1097728K
  class space    used 5393K, committed 5568K, reserved 1048576K
}
Event: 1200.182 GC heap after
{Heap after GC invocations=190 (full 0):
 garbage-first heap   total 73728K, used 38958K [0x00000000c1600000, 0x0000000100000000)
  region size 1024K, 1 young (1024K), 1 survivors (1024K)
 Metaspace       used 47777K, committed 48192K, reserved 1097728K
  class space    used 5393K, committed 5568K, reserved 1048576K
}
Event: 1210.221 GC heap before
{Heap before GC invocations=190 (full 0):
 garbage-first heap   total 73728K, used 62510K [0x00000000c1600000, 0x0000000100000000)
  region size 1024K, 25 young (25600K), 1 survivors (1024K)
 Metaspace       used 47777K, committed 48192K, reserved 1097728K
  class space    used 5393K, committed 5568K, reserved 1048576K
}
Event: 1210.222 GC heap after
{Heap after GC invocations=191 (full 0):
 garbage-first heap   total 73728K, used 38944K [0x00000000c1600000, 0x0000000100000000)
  region size 1024K, 1 young (1024K), 1 survivors (1024K)
 Metaspace       used 47777K, committed 48192K, reserved 1097728K
  class space    used 5393K, committed 5568K, reserved 1048576K
}
Event: 1220.557 GC heap before
{Heap before GC invocations=191 (full 0):
 garbage-first heap   total 73728K, used 62496K [0x00000000c1600000, 0x0000000100000000)
  region size 1024K, 25 young (25600K), 1 survivors (1024K)
 Metaspace       used 47777K, committed 48192K, reserved 1097728K
  class space    used 5393K, committed 5568K, reserved 1048576K
}
Event: 1220.559 GC heap after
{Heap after GC invocations=192 (full 0):
 garbage-first heap   total 73728K, used 38973K [0x00000000c1600000, 0x0000000100000000)
  region size 1024K, 1 young (1024K), 1 survivors (1024K)
 Metaspace       used 47777K, committed 48192K, reserved 1097728K
  class space    used 5393K, committed 5568K, reserved 1048576K
}
Event: 1234.229 GC heap before
{Heap before GC invocations=192 (full 0):
 garbage-first heap   total 73728K, used 62525K [0x00000000c1600000, 0x0000000100000000)
  region size 1024K, 25 young (25600K), 1 survivors (1024K)
 Metaspace       used 47777K, committed 48192K, reserved 1097728K
  class space    used 5393K, committed 5568K, reserved 1048576K
}
Event: 1234.230 GC heap after
{Heap after GC invocations=193 (full 0):
 garbage-first heap   total 73728K, used 38983K [0x00000000c1600000, 0x0000000100000000)
  region size 1024K, 1 young (1024K), 1 survivors (1024K)
 Metaspace       used 47777K, committed 48192K, reserved 1097728K
  class space    used 5393K, committed 5568K, reserved 1048576K
}
Event: 1245.270 GC heap before
{Heap before GC invocations=193 (full 0):
 garbage-first heap   total 73728K, used 62535K [0x00000000c1600000, 0x0000000100000000)
  region size 1024K, 25 young (25600K), 1 survivors (1024K)
 Metaspace       used 47777K, committed 48192K, reserved 1097728K
  class space    used 5393K, committed 5568K, reserved 1048576K
}
Event: 1245.270 GC heap after
{Heap after GC invocations=194 (full 0):
 garbage-first heap   total 73728K, used 38983K [0x00000000c1600000, 0x0000000100000000)
  region size 1024K, 1 young (1024K), 1 survivors (1024K)
 Metaspace       used 47777K, committed 48192K, reserved 1097728K
  class space    used 5393K, committed 5568K, reserved 1048576K
}
Event: 1255.753 GC heap before
{Heap before GC invocations=194 (full 0):
 garbage-first heap   total 73728K, used 62535K [0x00000000c1600000, 0x0000000100000000)
  region size 1024K, 25 young (25600K), 1 survivors (1024K)
 Metaspace       used 47777K, committed 48192K, reserved 1097728K
  class space    used 5393K, committed 5568K, reserved 1048576K
}
Event: 1255.753 GC heap after
{Heap after GC invocations=195 (full 0):
 garbage-first heap   total 73728K, used 38964K [0x00000000c1600000, 0x0000000100000000)
  region size 1024K, 1 young (1024K), 1 survivors (1024K)
 Metaspace       used 47777K, committed 48192K, reserved 1097728K
  class space    used 5393K, committed 5568K, reserved 1048576K
}

