# JRE version: OpenJDK Runtime Environment Temurin-17.0.1+12 (17.0.1+12) (build 17.0.1+12)
# Java VM: OpenJDK 64-Bit Server VM Temurin-17.0.1+12 (17.0.1+12, mixed mode, tiered, compressed oops, compressed class ptrs, g1 gc, windows-amd64)
GC Precious Log:
 CPUs: 4 total, 4 available
 Memory: 4003M
 Large Page Support: Disabled
 NUMA Support: Disabled
 Compressed Oops: Enabled (32-bit)
 Heap Region Size: 1M
 Heap Min Capacity: 8M
 Heap Initial Capacity: 64M
 Heap Max Capacity: 1002M
 Pre-touch: Disabled
 Parallel Workers: 4
 Concurrent Workers: 1
 Concurrent Refinement Workers: 4
 Periodic GC: Disabled
Heap:
 garbage-first heap   total 87040K, used 55089K [0x00000000c1600000, 0x0000000100000000)
  region size 1024K, 9 young (9216K), 2 survivors (2048K)
 Metaspace       used 54680K, committed 54976K, reserved 1097728K
  class space    used 6326K, committed 6464K, reserved 1048576K
GC Heap History (20 events):
Event: 4.177 GC heap before
{Heap before GC invocations=7 (full 0):
 garbage-first heap   total 51200K, used 35735K [0x00000000c1600000, 0x0000000100000000)
  region size 1024K, 21 young (21504K), 2 survivors (2048K)
 Metaspace       used 33213K, committed 33536K, reserved 1081344K
  class space    used 3684K, committed 3840K, reserved 1048576K
}
Event: 4.181 GC heap after
{Heap after GC invocations=8 (full 0):
 garbage-first heap   total 51200K, used 17364K [0x00000000c1600000, 0x0000000100000000)
  region size 1024K, 3 young (3072K), 3 survivors (3072K)
 Metaspace       used 33213K, committed 33536K, reserved 1081344K
  class space    used 3684K, committed 3840K, reserved 1048576K
}
Event: 4.452 GC heap before
{Heap before GC invocations=8 (full 0):
 garbage-first heap   total 51200K, used 23508K [0x00000000c1600000, 0x0000000100000000)
  region size 1024K, 10 young (10240K), 3 survivors (3072K)
 Metaspace       used 35837K, committed 36096K, reserved 1081344K
  class space    used 4000K, committed 4160K, reserved 1048576K
}
Event: 4.456 GC heap after
{Heap after GC invocations=9 (full 0):
 garbage-first heap   total 51200K, used 18349K [0x00000000c1600000, 0x0000000100000000)
  region size 1024K, 3 young (3072K), 3 survivors (3072K)
 Metaspace       used 35837K, committed 36096K, reserved 1081344K
  class space    used 4000K, committed 4160K, reserved 1048576K
}
Event: 6.148 GC heap before
{Heap before GC invocations=10 (full 0):
 garbage-first heap   total 51200K, used 36781K [0x00000000c1600000, 0x0000000100000000)
  region size 1024K, 21 young (21504K), 3 survivors (3072K)
 Metaspace       used 40937K, committed 41280K, reserved 1089536K
  class space    used 4652K, committed 4800K, reserved 1048576K
}
Event: 6.152 GC heap after
{Heap after GC invocations=11 (full 0):
 garbage-first heap   total 51200K, used 20214K [0x00000000c1600000, 0x0000000100000000)
  region size 1024K, 3 young (3072K), 3 survivors (3072K)
 Metaspace       used 40937K, committed 41280K, reserved 1089536K
  class space    used 4652K, committed 4800K, reserved 1048576K
}
Event: 6.525 GC heap before
{Heap before GC invocations=11 (full 0):
 garbage-first heap   total 51200K, used 32502K [0x00000000c1600000, 0x0000000100000000)
  region size 1024K, 16 young (16384K), 3 survivors (3072K)
 Metaspace       used 43656K, committed 43968K, reserved 1089536K
  class space    used 5048K, committed 5184K, reserved 1048576K
}
Event: 6.529 GC heap after
{Heap after GC invocations=12 (full 0):
 garbage-first heap   total 51200K, used 21341K [0x00000000c1600000, 0x0000000100000000)
  region size 1024K, 2 young (2048K), 2 survivors (2048K)
 Metaspace       used 43656K, committed 43968K, reserved 1089536K
  class space    used 5048K, committed 5184K, reserved 1048576K
}
Event: 56.303 GC heap before
{Heap before GC invocations=12 (full 0):
 garbage-first heap   total 56320K, used 48989K [0x00000000c1600000, 0x0000000100000000)
  region size 1024K, 13 young (13312K), 2 survivors (2048K)
 Metaspace       used 45824K, committed 46208K, reserved 1097728K
  class space    used 5347K, committed 5504K, reserved 1048576K
}
Event: 56.306 GC heap after
{Heap after GC invocations=13 (full 0):
 garbage-first heap   total 56320K, used 39558K [0x00000000c1600000, 0x0000000100000000)
  region size 1024K, 2 young (2048K), 2 survivors (2048K)
 Metaspace       used 45824K, committed 46208K, reserved 1097728K
  class space    used 5347K, committed 5504K, reserved 1048576K
}
Event: 60.471 GC heap before
{Heap before GC invocations=13 (full 0):
 garbage-first heap   total 56320K, used 44678K [0x00000000c1600000, 0x0000000100000000)
  region size 1024K, 8 young (8192K), 2 survivors (2048K)
 Metaspace       used 46075K, committed 46400K, reserved 1097728K
  class space    used 5367K, committed 5568K, reserved 1048576K
}
Event: 60.473 GC heap after
{Heap after GC invocations=14 (full 0):
 garbage-first heap   total 56320K, used 39797K [0x00000000c1600000, 0x0000000100000000)
  region size 1024K, 1 young (1024K), 1 survivors (1024K)
 Metaspace       used 46075K, committed 46400K, reserved 1097728K
  class space    used 5367K, committed 5568K, reserved 1048576K
}
Event: 64.518 GC heap before
{Heap before GC invocations=15 (full 0):
 garbage-first heap   total 73728K, used 44917K [0x00000000c1600000, 0x0000000100000000)
  region size 1024K, 7 young (7168K), 1 survivors (1024K)
 Metaspace       used 46179K, committed 46592K, reserved 1097728K
  class space    used 5375K, committed 5568K, reserved 1048576K
}
Event: 64.520 GC heap after
{Heap after GC invocations=16 (full 0):
 garbage-first heap   total 73728K, used 39888K [0x00000000c1600000, 0x0000000100000000)
  region size 1024K, 1 young (1024K), 1 survivors (1024K)
 Metaspace       used 46179K, committed 46592K, reserved 1097728K
  class space    used 5375K, committed 5568K, reserved 1048576K
}
Event: 81.040 GC heap before
{Heap before GC invocations=16 (full 0):
 garbage-first heap   total 73728K, used 59344K [0x00000000c1600000, 0x0000000100000000)
  region size 1024K, 20 young (20480K), 1 survivors (1024K)
 Metaspace       used 49331K, committed 49664K, reserved 1097728K
  class space    used 5804K, committed 5952K, reserved 1048576K
}
Event: 81.043 GC heap after
{Heap after GC invocations=17 (full 0):
 garbage-first heap   total 73728K, used 41444K [0x00000000c1600000, 0x0000000100000000)
  region size 1024K, 2 young (2048K), 2 survivors (2048K)
 Metaspace       used 49331K, committed 49664K, reserved 1097728K
  class space    used 5804K, committed 5952K, reserved 1048576K
}
Event: 82.417 GC heap before
{Heap before GC invocations=18 (full 0):
 garbage-first heap   total 73728K, used 57828K [0x00000000c1600000, 0x0000000100000000)
  region size 1024K, 19 young (19456K), 2 survivors (2048K)
 Metaspace       used 51851K, committed 52288K, reserved 1097728K
  class space    used 6062K, committed 6272K, reserved 1048576K
}
Event: 82.427 GC heap after
{Heap after GC invocations=19 (full 0):
 garbage-first heap   total 73728K, used 47029K [0x00000000c1600000, 0x0000000100000000)
  region size 1024K, 3 young (3072K), 3 survivors (3072K)
 Metaspace       used 51851K, committed 52288K, reserved 1097728K
  class space    used 6062K, committed 6272K, reserved 1048576K
}
Event: 83.985 GC heap before
{Heap before GC invocations=19 (full 0):
 garbage-first heap   total 73728K, used 55221K [0x00000000c1600000, 0x0000000100000000)
  region size 1024K, 12 young (12288K), 3 survivors (3072K)
 Metaspace       used 52354K, committed 52672K, reserved 1097728K
  class space    used 6096K, committed 6272K, reserved 1048576K
}
Event: 83.993 GC heap after
{Heap after GC invocations=20 (full 0):
 garbage-first heap   total 73728K, used 49969K [0x00000000c1600000, 0x0000000100000000)
  region size 1024K, 2 young (2048K), 2 survivors (2048K)
 Metaspace       used 52354K, committed 52672K, reserved 1097728K
  class space    used 6096K, committed 6272K, reserved 1048576K
}

