<?xml version="1.0" encoding="UTF-8"?>
<testng-results ignored="0" total="1" passed="0" failed="1" skipped="0">
  <reporter-output>
  </reporter-output>
  <suite started-at="2022-03-14T11:47:41 IST" name="Default suite" finished-at="2022-03-14T11:48:30 IST" duration-ms="48432">
    <groups>
      <group name="cucumber">
        <method signature="AbstractTestNGCucumberTests.runScenario(io.cucumber.testng.PickleWrapper,io.cucumber.testng.FeatureWrapper)[pri:0, instance:Runner.TestApplication@3ba987b8]" name="runScenario" class="io.cucumber.testng.AbstractTestNGCucumberTests"/>
      </group> <!-- cucumber -->
    </groups>
    <test started-at="2022-03-14T11:47:41 IST" name="Default test" finished-at="2022-03-14T11:48:30 IST" duration-ms="48432">
      <class name="Runner.TestApplication">
        <test-method is-config="true" signature="beforeExecution()[pri:0, instance:Runner.TestApplication@3ba987b8]" started-at="2022-03-14T11:47:41 IST" name="beforeExecution" finished-at="2022-03-14T11:47:41 IST" duration-ms="6" status="PASS">
          <reporter-output>
          </reporter-output>
        </test-method> <!-- beforeExecution -->
        <test-method is-config="true" signature="setUpClass()[pri:0, instance:Runner.TestApplication@3ba987b8]" started-at="2022-03-14T11:47:41 IST" name="setUpClass" finished-at="2022-03-14T11:47:43 IST" duration-ms="1464" status="PASS">
          <reporter-output>
          </reporter-output>
        </test-method> <!-- setUpClass -->
        <test-method signature="runScenario(io.cucumber.testng.PickleWrapper,io.cucumber.testng.FeatureWrapper)[pri:0, instance:Runner.TestApplication@3ba987b8]" started-at="2022-03-14T11:47:43 IST" name="runScenario" description="Runs Cucumber Scenarios" data-provider="scenarios" finished-at="2022-03-14T11:48:17 IST" duration-ms="33841" status="FAIL">
          <params>
            <param index="0">
              <value>
                <![CDATA["Check stock return to vendors"]]>
              </value>
            </param>
            <param index="1">
              <value>
                <![CDATA["Optional[Check the Functionality of Inventory]"]]>
              </value>
            </param>
          </params>
          <exception class="java.lang.NullPointerException">
            <message>
              <![CDATA[Cannot invoke "helper.BrowserHelper.SwitchToWindow(int)" because "this.browserHelper" is null]]>
            </message>
            <full-stacktrace>
              <![CDATA[java.lang.NullPointerException: Cannot invoke "helper.BrowserHelper.SwitchToWindow(int)" because "this.browserHelper" is null
at stepdefinitions.InventoryManagament.verify_the_approved_record_is_available_in_the_report(InventoryManagament.java:1556)
at ✽.verify the approved record is available in the report(file:///C:/Users/inindc00082/git/repository2/Tushar_AzentioFramework/src/test/java/features/InventoryManagement.feature:399)
]]>
            </full-stacktrace>
          </exception> <!-- java.lang.NullPointerException -->
          <reporter-output>
          </reporter-output>
        </test-method> <!-- runScenario -->
        <test-method is-config="true" signature="tearDownClass()[pri:0, instance:Runner.TestApplication@3ba987b8]" started-at="2022-03-14T11:48:17 IST" name="tearDownClass" finished-at="2022-03-14T11:48:30 IST" duration-ms="12986" status="PASS">
          <reporter-output>
          </reporter-output>
        </test-method> <!-- tearDownClass -->
        <test-method is-config="true" signature="afterExecution()[pri:0, instance:Runner.TestApplication@3ba987b8]" started-at="2022-03-14T11:48:30 IST" name="afterExecution" finished-at="2022-03-14T11:48:30 IST" duration-ms="132" status="PASS">
          <reporter-output>
          </reporter-output>
        </test-method> <!-- afterExecution -->
      </class> <!-- Runner.TestApplication -->
    </test> <!-- Default test -->
  </suite> <!-- Default suite -->
</testng-results>
