<?xml version="1.0" encoding="UTF-8"?>
<!-- Generated by org.testng.reporters.JUnitReportReporter -->
<testsuite hostname="DESKTOP-PSK9T3U" failures="0" tests="1" name="Runner.TestApplication" time="67.140" errors="1" timestamp="2023-03-04T16:41:16 AST" skipped="0">
  <testcase classname="Runner.TestApplication" name="runScenario" time="67.140">
    <error message="element click intercepted: Element &lt;ion-button _ngcontent-cqh-c278=&quot;&quot; routerlink=&quot;/inbox&quot; tabindex=&quot;0&quot; ng-reflect-router-link=&quot;/inbox&quot; class=&quot;md button button-clear in-toolbar in-toolbar-color button-has-icon-only ion-activatable ion-focusable hydrated&quot;&gt;...&lt;/ion-button&gt; is not clickable at point (1094, 28). Other element would receive the click: &lt;div role=&quot;alert&quot; class=&quot;ng-tns-c136-3 toast-message ng-star-inserted&quot; aria-label=&quot;Workflow initiated submit record from inbox.&quot; style=&quot;&quot;&gt;...&lt;/div&gt;
  (Session info: chrome=110.0.5481.178)
Build info: version: &#039;4.0.0-rc-1&#039;, revision: &#039;bc5511cbda&#039;
System info: host: &#039;DESKTOP-PSK9T3U&#039;, ip: &#039;10.200.4.218&#039;, os.name: &#039;Windows 10&#039;, os.arch: &#039;amd64&#039;, os.version: &#039;10.0&#039;, java.version: &#039;17.0.1&#039;
Driver info: org.openqa.selenium.chrome.ChromeDriver
Command: [882bb38057010e0418ccfef28b577070, clickElement {id=0e3f5e84-e840-45ce-8000-5374f0e0b3a1}]
Capabilities {acceptInsecureCerts: false, browserName: chrome, browserVersion: 110.0.5481.178, chrome: {chromedriverVersion: 110.0.5481.77 (65ed616c6e8e..., userDataDir: C:\Users\ININDC~1\AppData\L...}, goog:chromeOptions: {debuggerAddress: localhost:49223}, javascriptEnabled: true, networkConnectionEnabled: false, pageLoadStrategy: normal, platform: WINDOWS, platformName: WINDOWS, proxy: Proxy(), se:cdp: ws://localhost:49223/devtoo..., se:cdpVersion: 110.0.5481.178, setWindowRect: true, strictFileInteractability: false, timeouts: {implicit: 0, pageLoad: 300000, script: 30000}, unhandledPromptBehavior: dismiss and notify, webauthn:extension:credBlob: true, webauthn:extension:largeBlob: true, webauthn:virtualAuthenticators: true}
Element: [[ChromeDriver: chrome on WINDOWS (882bb38057010e0418ccfef28b577070)] -&gt; xpath: //ion-header/ion-toolbar[1]/ion-buttons[2]/ion-button[2]]
Session ID: 882bb38057010e0418ccfef28b577070" type="org.openqa.selenium.ElementClickInterceptedException">
      <![CDATA[org.openqa.selenium.ElementClickInterceptedException: element click intercepted: Element <ion-button _ngcontent-cqh-c278="" routerlink="/inbox" tabindex="0" ng-reflect-router-link="/inbox" class="md button button-clear in-toolbar in-toolbar-color button-has-icon-only ion-activatable ion-focusable hydrated">...</ion-button> is not clickable at point (1094, 28). Other element would receive the click: <div role="alert" class="ng-tns-c136-3 toast-message ng-star-inserted" aria-label="Workflow initiated submit record from inbox." style="">...</div>
  (Session info: chrome=110.0.5481.178)
Build info: version: '4.0.0-rc-1', revision: 'bc5511cbda'
System info: host: 'DESKTOP-PSK9T3U', ip: '10.200.4.218', os.name: 'Windows 10', os.arch: 'amd64', os.version: '10.0', java.version: '17.0.1'
Driver info: org.openqa.selenium.chrome.ChromeDriver
Command: [882bb38057010e0418ccfef28b577070, clickElement {id=0e3f5e84-e840-45ce-8000-5374f0e0b3a1}]
Capabilities {acceptInsecureCerts: false, browserName: chrome, browserVersion: 110.0.5481.178, chrome: {chromedriverVersion: 110.0.5481.77 (65ed616c6e8e..., userDataDir: C:\Users\ININDC~1\AppData\L...}, goog:chromeOptions: {debuggerAddress: localhost:49223}, javascriptEnabled: true, networkConnectionEnabled: false, pageLoadStrategy: normal, platform: WINDOWS, platformName: WINDOWS, proxy: Proxy(), se:cdp: ws://localhost:49223/devtoo..., se:cdpVersion: 110.0.5481.178, setWindowRect: true, strictFileInteractability: false, timeouts: {implicit: 0, pageLoad: 300000, script: 30000}, unhandledPromptBehavior: dismiss and notify, webauthn:extension:credBlob: true, webauthn:extension:largeBlob: true, webauthn:virtualAuthenticators: true}
Element: [[ChromeDriver: chrome on WINDOWS (882bb38057010e0418ccfef28b577070)] -> xpath: //ion-header/ion-toolbar[1]/ion-buttons[2]/ion-button[2]]
Session ID: 882bb38057010e0418ccfef28b577070
at java.base/jdk.internal.reflect.NativeConstructorAccessorImpl.newInstance0(Native Method)
at java.base/jdk.internal.reflect.NativeConstructorAccessorImpl.newInstance(NativeConstructorAccessorImpl.java:77)
at java.base/jdk.internal.reflect.DelegatingConstructorAccessorImpl.newInstance(DelegatingConstructorAccessorImpl.java:45)
at java.base/java.lang.reflect.Constructor.newInstanceWithCaller(Constructor.java:499)
at java.base/java.lang.reflect.Constructor.newInstance(Constructor.java:480)
at org.openqa.selenium.remote.codec.w3c.W3CHttpResponseCodec.createException(W3CHttpResponseCodec.java:200)
at org.openqa.selenium.remote.codec.w3c.W3CHttpResponseCodec.decode(W3CHttpResponseCodec.java:133)
at org.openqa.selenium.remote.codec.w3c.W3CHttpResponseCodec.decode(W3CHttpResponseCodec.java:53)
at org.openqa.selenium.remote.HttpCommandExecutor.execute(HttpCommandExecutor.java:184)
at org.openqa.selenium.remote.service.DriverCommandExecutor.invokeExecute(DriverCommandExecutor.java:164)
at org.openqa.selenium.remote.service.DriverCommandExecutor.execute(DriverCommandExecutor.java:139)
at org.openqa.selenium.remote.RemoteWebDriver.execute(RemoteWebDriver.java:547)
at org.openqa.selenium.remote.RemoteWebElement.execute(RemoteWebElement.java:251)
at org.openqa.selenium.remote.RemoteWebElement.click(RemoteWebElement.java:77)
at jdk.internal.reflect.GeneratedMethodAccessor6.invoke(Unknown Source)
at java.base/jdk.internal.reflect.DelegatingMethodAccessorImpl.invoke(DelegatingMethodAccessorImpl.java:43)
at java.base/java.lang.reflect.Method.invoke(Method.java:568)
at org.openqa.selenium.support.pagefactory.internal.LocatingElementHandler.invoke(LocatingElementHandler.java:52)
at jdk.proxy2/jdk.proxy2.$Proxy46.click(Unknown Source)
at stepdefinitions.InventoryManagement_BillBooking.fill_the_required_fields_for_invoice_booking_record(InventoryManagement_BillBooking.java:483)
at ✽.Fill the required fields for invoice booking record(file:///C:/Users/ININDC00091/git/AzentioAutomationFramework/DeveshFW_Excel/ARAP_AzentioAutomationFramework_Excel/src/test/java/features/InventoryManagement_UAT.feature:230)
]]>
    </error>
  </testcase> <!-- runScenario -->
  <system-out/>
</testsuite> <!-- Runner.TestApplication -->
