<?xml version="1.0" encoding="UTF-8"?>
<!-- Generated by org.testng.reporters.JUnitReportReporter -->
<testsuite hostname="DESKTOP-PSK9T3U" failures="0" tests="1" name="Runner.TestApplication" time="48.677" errors="1" timestamp="2023-03-23T13:16:18 AST" skipped="0">
  <testcase classname="Runner.TestApplication" name="runScenario" time="48.677">
    <error message="element click intercepted: Element &lt;ion-button color=&quot;primary&quot; ng-reflect-color=&quot;primary&quot; class=&quot;ion-color ion-color-primary md button button-clear in-toolbar ion-activatable ion-focusable hydrated button-disabled&quot; ng-reflect-disabled=&quot;true&quot; aria-disabled=&quot;true&quot; disabled=&quot;&quot;&gt;...&lt;/ion-button&gt; is not clickable at point (1255, 88). Other element would receive the click: &lt;ion-buttons slot=&quot;end&quot; class=&quot;buttons-last-slot sc-ion-buttons-md-h sc-ion-buttons-md-s md hydrated&quot;&gt;...&lt;/ion-buttons&gt;
  (Session info: chrome=111.0.5563.110)
Build info: version: &#039;4.0.0-rc-1&#039;, revision: &#039;bc5511cbda&#039;
System info: host: &#039;DESKTOP-PSK9T3U&#039;, ip: &#039;10.200.4.229&#039;, os.name: &#039;Windows 10&#039;, os.arch: &#039;amd64&#039;, os.version: &#039;10.0&#039;, java.version: &#039;17.0.1&#039;
Driver info: org.openqa.selenium.chrome.ChromeDriver
Command: [39bad30e27fc5763279768e45af89c17, clickElement {id=76adff94-398b-4750-9997-ef3308859d37}]
Capabilities {acceptInsecureCerts: false, browserName: chrome, browserVersion: 111.0.5563.110, chrome: {chromedriverVersion: 111.0.5563.64 (c710e93d5b63..., userDataDir: C:\Users\ININDC~1\AppData\L...}, goog:chromeOptions: {debuggerAddress: localhost:62891}, javascriptEnabled: true, networkConnectionEnabled: false, pageLoadStrategy: normal, platform: WINDOWS, platformName: WINDOWS, proxy: Proxy(), se:cdp: ws://localhost:62891/devtoo..., se:cdpVersion: 111.0.5563.110, setWindowRect: true, strictFileInteractability: false, timeouts: {implicit: 0, pageLoad: 300000, script: 30000}, unhandledPromptBehavior: dismiss and notify, webauthn:extension:credBlob: true, webauthn:extension:largeBlob: true, webauthn:extension:minPinLength: true, webauthn:extension:prf: true, webauthn:virtualAuthenticators: true}
Element: [[ChromeDriver: chrome on WINDOWS (39bad30e27fc5763279768e45af89c17)] -&gt; xpath: (//ion-toolbar[1]/ion-buttons[2]/ion-button[1])[2]]
Session ID: 39bad30e27fc5763279768e45af89c17" type="org.openqa.selenium.ElementClickInterceptedException">
      <![CDATA[org.openqa.selenium.ElementClickInterceptedException: element click intercepted: Element <ion-button color="primary" ng-reflect-color="primary" class="ion-color ion-color-primary md button button-clear in-toolbar ion-activatable ion-focusable hydrated button-disabled" ng-reflect-disabled="true" aria-disabled="true" disabled="">...</ion-button> is not clickable at point (1255, 88). Other element would receive the click: <ion-buttons slot="end" class="buttons-last-slot sc-ion-buttons-md-h sc-ion-buttons-md-s md hydrated">...</ion-buttons>
  (Session info: chrome=111.0.5563.110)
Build info: version: '4.0.0-rc-1', revision: 'bc5511cbda'
System info: host: 'DESKTOP-PSK9T3U', ip: '10.200.4.229', os.name: 'Windows 10', os.arch: 'amd64', os.version: '10.0', java.version: '17.0.1'
Driver info: org.openqa.selenium.chrome.ChromeDriver
Command: [39bad30e27fc5763279768e45af89c17, clickElement {id=76adff94-398b-4750-9997-ef3308859d37}]
Capabilities {acceptInsecureCerts: false, browserName: chrome, browserVersion: 111.0.5563.110, chrome: {chromedriverVersion: 111.0.5563.64 (c710e93d5b63..., userDataDir: C:\Users\ININDC~1\AppData\L...}, goog:chromeOptions: {debuggerAddress: localhost:62891}, javascriptEnabled: true, networkConnectionEnabled: false, pageLoadStrategy: normal, platform: WINDOWS, platformName: WINDOWS, proxy: Proxy(), se:cdp: ws://localhost:62891/devtoo..., se:cdpVersion: 111.0.5563.110, setWindowRect: true, strictFileInteractability: false, timeouts: {implicit: 0, pageLoad: 300000, script: 30000}, unhandledPromptBehavior: dismiss and notify, webauthn:extension:credBlob: true, webauthn:extension:largeBlob: true, webauthn:extension:minPinLength: true, webauthn:extension:prf: true, webauthn:virtualAuthenticators: true}
Element: [[ChromeDriver: chrome on WINDOWS (39bad30e27fc5763279768e45af89c17)] -> xpath: (//ion-toolbar[1]/ion-buttons[2]/ion-button[1])[2]]
Session ID: 39bad30e27fc5763279768e45af89c17
at java.base/jdk.internal.reflect.NativeConstructorAccessorImpl.newInstance0(Native Method)
at java.base/jdk.internal.reflect.NativeConstructorAccessorImpl.newInstance(NativeConstructorAccessorImpl.java:77)
at java.base/jdk.internal.reflect.DelegatingConstructorAccessorImpl.newInstance(DelegatingConstructorAccessorImpl.java:45)
at java.base/java.lang.reflect.Constructor.newInstanceWithCaller(Constructor.java:499)
at java.base/java.lang.reflect.Constructor.newInstance(Constructor.java:480)
at org.openqa.selenium.remote.codec.w3c.W3CHttpResponseCodec.createException(W3CHttpResponseCodec.java:200)
at org.openqa.selenium.remote.codec.w3c.W3CHttpResponseCodec.decode(W3CHttpResponseCodec.java:133)
at org.openqa.selenium.remote.codec.w3c.W3CHttpResponseCodec.decode(W3CHttpResponseCodec.java:53)
at org.openqa.selenium.remote.HttpCommandExecutor.execute(HttpCommandExecutor.java:184)
at org.openqa.selenium.remote.service.DriverCommandExecutor.invokeExecute(DriverCommandExecutor.java:164)
at org.openqa.selenium.remote.service.DriverCommandExecutor.execute(DriverCommandExecutor.java:139)
at org.openqa.selenium.remote.RemoteWebDriver.execute(RemoteWebDriver.java:547)
at org.openqa.selenium.remote.RemoteWebElement.execute(RemoteWebElement.java:251)
at org.openqa.selenium.remote.RemoteWebElement.click(RemoteWebElement.java:77)
at jdk.internal.reflect.GeneratedMethodAccessor5.invoke(Unknown Source)
at java.base/jdk.internal.reflect.DelegatingMethodAccessorImpl.invoke(DelegatingMethodAccessorImpl.java:43)
at java.base/java.lang.reflect.Method.invoke(Method.java:568)
at org.openqa.selenium.support.pagefactory.internal.LocatingElementHandler.invoke(LocatingElementHandler.java:52)
at jdk.proxy2/jdk.proxy2.$Proxy46.click(Unknown Source)
at stepdefinitions.CancellationOfAdvanceToEmployees.fill_the_form_for_advance_adjustment(CancellationOfAdvanceToEmployees.java:324)
at ✽.Fill The form for advance adjustment(file:///C:/Users/ININDC00091/git/AzentioAutomationFramework/DeveshFW_Excel/ARAP_AzentioAutomationFramework_Excel/src/test/java/features/ArAp_AccountsReceivable.feature:400)
]]>
    </error>
  </testcase> <!-- runScenario -->
  <system-out/>
</testsuite> <!-- Runner.TestApplication -->
