<?xml version="1.0" encoding="UTF-8"?>
<!-- Generated by org.testng.reporters.JUnitReportReporter -->
<testsuite hostname="DESKTOP-PSK9T3U" failures="0" tests="1" name="Runner.TestApplication" time="6.288" errors="1" timestamp="2023-08-18T15:50:24 IST" skipped="0">
  <testcase classname="Runner.TestApplication" name="runScenario" time="6.288">
    <error message="Cannot invoke &quot;org.apache.poi.xssf.usermodel.XSSFWorkbook.getSheetIndex(String)&quot; because &quot;this.workbook&quot; is null" type="java.lang.NullPointerException">
      <![CDATA[java.lang.NullPointerException: Cannot invoke "org.apache.poi.xssf.usermodel.XSSFWorkbook.getSheetIndex(String)" because "this.workbook" is null
at resources.ExcelReader.isSheetExist(ExcelReader.java:412)
at resources.ExcelReader.getColumnCount(ExcelReader.java:426)
at resources.ExcelData.getTestdata(ExcelData.java:18)
at stepdefinitions.GL1_Accounting_Book_Definition.user_update_the_data_set_id_for_base_template_accounting_book_reviewer_submit(GL1_Accounting_Book_Definition.java:191)
at ✽.User Update the data set id for Base Template Accounting Book Reviewer submit(file:///C:/Users/ININDC00072/git/AzentioAutomationFramework_0025/Ajith_KUBS_CEN_GeneralLedger12/src/test/java/features/GL1.feature:24)
]]>
    </error>
  </testcase> <!-- runScenario -->
  <system-out/>
</testsuite> <!-- Runner.TestApplication -->
