<?xml version="1.0" encoding="UTF-8"?>
<!-- Generated by org.testng.reporters.JUnitXMLReporter -->
<testsuite ignored="0" hostname="INMUVADP014584" failures="1" tests="1" name="Default test" time="35.008" errors="0" timestamp="2022-04-01T13:25:05 IST">
  <testcase classname="io.cucumber.testng.AbstractTestNGCucumberTests" name="runScenario" time="27.706">
    <failure type="java.lang.AssertionError" message="Yearly Asset is not expired">
      <![CDATA[java.lang.AssertionError: Yearly Asset is not expired
at org.junit.Assert.fail(Assert.java:88)
at stepdefinitions.FIXEDASSET_AssetImpairement.check_if_the_asset_life_is_exhausted(FIXEDASSET_AssetImpairement.java:182)
at ✽.check if the asset life is exhausted(file:///C:/Users/inindc00076/git/AzentioAutomationFrameworkMasterNew/AzentioAutomationFramework/src/test/java/features/FIXEDASSET_AssetImpairement.feature:417)
]]>
    </failure>
  </testcase> <!-- runScenario -->
</testsuite> <!-- Default test -->
