<?xml version="1.0" encoding="UTF-8"?>
<!-- Generated by org.testng.reporters.JUnitXMLReporter -->
<testsuite ignored="0" hostname="INMUVADP016585" failures="1" tests="1" name="Default test" time="102.379" errors="0" timestamp="2022-11-15T13:02:35 IST">
  <testcase classname="io.cucumber.testng.AbstractTestNGCucumberTests" name="runScenario" time="87.666">
    <failure type="java.lang.AssertionError" message="java.lang.reflect.InvocationTargetException
Build info: version: &amp;apos;4.0.0-rc-1&amp;apos;, revision: &amp;apos;bc5511cbda&amp;apos;
System info: host: &amp;apos;INMUVADP016585&amp;apos;, ip: &amp;apos;10.1.47.108&amp;apos;, os.name: &amp;apos;Windows 10&amp;apos;, os.arch: &amp;apos;amd64&amp;apos;, os.version: &amp;apos;10.0&amp;apos;, java.version: &amp;apos;17.0.2&amp;apos;
Driver info: org.openqa.selenium.chrome.ChromeDriver
Command: [3ad6cf0e8b84a061edf636561d3a7498, actions {actions=[org.openqa.selenium.interactions.Sequence@3a1e5fa7]}]
Capabilities {acceptInsecureCerts: false, browserName: chrome, browserVersion: 105.0.5195.125, chrome: {chromedriverVersion: 105.0.5195.52 (412c95e51883..., userDataDir: C:\Users\ININDC~3\AppData\L...}, goog:chromeOptions: {debuggerAddress: localhost:49428}, javascriptEnabled: true, networkConnectionEnabled: false, pageLoadStrategy: normal, platform: WINDOWS, platformName: WINDOWS, proxy: Proxy(), se:cdp: ws://localhost:49428/devtoo..., se:cdpVersion: 105.0.5195.125, setWindowRect: true, strictFileInteractability: false, timeouts: {implicit: 0, pageLoad: 300000, script: 30000}, unhandledPromptBehavior: dismiss and notify, webauthn:extension:credBlob: true, webauthn:extension:largeBlob: true, webauthn:virtualAuthenticators: true}
Session ID: 3ad6cf0e8b84a061edf636561d3a7498">
      <![CDATA[java.lang.AssertionError: java.lang.reflect.InvocationTargetException
Build info: version: '4.0.0-rc-1', revision: 'bc5511cbda'
System info: host: 'INMUVADP016585', ip: '10.1.47.108', os.name: 'Windows 10', os.arch: 'amd64', os.version: '10.0', java.version: '17.0.2'
Driver info: org.openqa.selenium.chrome.ChromeDriver
Command: [3ad6cf0e8b84a061edf636561d3a7498, actions {actions=[org.openqa.selenium.interactions.Sequence@3a1e5fa7]}]
Capabilities {acceptInsecureCerts: false, browserName: chrome, browserVersion: 105.0.5195.125, chrome: {chromedriverVersion: 105.0.5195.52 (412c95e51883..., userDataDir: C:\Users\ININDC~3\AppData\L...}, goog:chromeOptions: {debuggerAddress: localhost:49428}, javascriptEnabled: true, networkConnectionEnabled: false, pageLoadStrategy: normal, platform: WINDOWS, platformName: WINDOWS, proxy: Proxy(), se:cdp: ws://localhost:49428/devtoo..., se:cdpVersion: 105.0.5195.125, setWindowRect: true, strictFileInteractability: false, timeouts: {implicit: 0, pageLoad: 300000, script: 30000}, unhandledPromptBehavior: dismiss and notify, webauthn:extension:credBlob: true, webauthn:extension:largeBlob: true, webauthn:virtualAuthenticators: true}
Session ID: 3ad6cf0e8b84a061edf636561d3a7498
at org.testng.Assert.fail(Assert.java:99)
at stepdefinitions.KUBS_Login.loginToAzentioApp(KUBS_Login.java:61)
at stepdefinitions.ACCOUNTSPAYABLE_VendorContracts.user_should_go_to_the_kubs_url_and_login_as_a_maker_user(ACCOUNTSPAYABLE_VendorContracts.java:50)
at ✽.User should go to the kubs url and login as a maker user(file:///C:/Users/inindc00482/git/AzentioAutomationFrameworkFixedAsset/AzentioAutomationFramework_FixedAsset/src/test/java/features/GeneralLedger2_UAT.feature:294)
]]>
    </failure>
  </testcase> <!-- runScenario -->
</testsuite> <!-- Default test -->
