<?xml version="1.0" encoding="UTF-8"?>
<testng-results ignored="0" total="1" passed="0" failed="1" skipped="0">
  <reporter-output>
  </reporter-output>
  <suite started-at="2023-01-11T18:34:31 AST" name="Default suite" finished-at="2023-01-11T18:37:37 AST" duration-ms="186069">
    <groups>
      <group name="cucumber">
        <method signature="AbstractTestNGCucumberTests.runScenario(io.cucumber.testng.PickleWrapper,io.cucumber.testng.FeatureWrapper)[pri:0, instance:Runner.TestApplication@2d901eb0]" name="runScenario" class="io.cucumber.testng.AbstractTestNGCucumberTests"/>
      </group> <!-- cucumber -->
    </groups>
    <test started-at="2023-01-11T18:34:31 AST" name="Default test" finished-at="2023-01-11T18:37:37 AST" duration-ms="186069">
      <class name="Runner.TestApplication">
        <test-method is-config="true" signature="beforeExecution()[pri:0, instance:Runner.TestApplication@2d901eb0]" started-at="2023-01-11T18:34:31 AST" name="beforeExecution" finished-at="2023-01-11T18:34:31 AST" duration-ms="12" status="PASS">
          <reporter-output>
          </reporter-output>
        </test-method> <!-- beforeExecution -->
        <test-method is-config="true" signature="setUpClass()[pri:0, instance:Runner.TestApplication@2d901eb0]" started-at="2023-01-11T18:34:31 AST" name="setUpClass" finished-at="2023-01-11T18:34:34 AST" duration-ms="2238" status="PASS">
          <reporter-output>
          </reporter-output>
        </test-method> <!-- setUpClass -->
        <test-method signature="runScenario(io.cucumber.testng.PickleWrapper,io.cucumber.testng.FeatureWrapper)[pri:0, instance:Runner.TestApplication@2d901eb0]" started-at="2023-01-11T18:34:34 AST" name="runScenario" description="Runs Cucumber Scenarios" data-provider="scenarios" finished-at="2023-01-11T18:37:32 AST" duration-ms="178500" status="FAIL">
          <params>
            <param index="0">
              <value>
                <![CDATA["Verify accounting entries for cleared cheques."]]>
              </value>
            </param>
            <param index="1">
              <value>
                <![CDATA["Optional[AR/AP Module]"]]>
              </value>
            </param>
          </params>
          <exception class="org.openqa.selenium.NoSuchElementException">
            <message>
              <![CDATA[no such element: Unable to locate element: {"method":"xpath","selector":"//input[@name='username']"}
  (Session info: chrome=108.0.5359.125)
For documentation on this error, please visit: https://selenium.dev/exceptions/#no_such_element
Build info: version: '4.0.0-rc-1', revision: 'bc5511cbda'
System info: host: 'DESKTOP-PSK9T3U', ip: '10.200.4.220', os.name: 'Windows 10', os.arch: 'amd64', os.version: '10.0', java.version: '17.0.1'
Driver info: org.openqa.selenium.chrome.ChromeDriver
Command: [daf40b9ba628fd08ecdc5f3ee49da15e, findElement {using=xpath, value=//input[@name='username']}]
Capabilities {acceptInsecureCerts: false, browserName: chrome, browserVersion: 108.0.5359.125, chrome: {chromedriverVersion: 108.0.5359.71 (1e0e3868ee06..., userDataDir: C:\Users\ININDC~1\AppData\L...}, goog:chromeOptions: {debuggerAddress: localhost:55614}, javascriptEnabled: true, networkConnectionEnabled: false, pageLoadStrategy: normal, platform: WINDOWS, platformName: WINDOWS, proxy: Proxy(), se:cdp: ws://localhost:55614/devtoo..., se:cdpVersion: 108.0.5359.125, setWindowRect: true, strictFileInteractability: false, timeouts: {implicit: 0, pageLoad: 300000, script: 30000}, unhandledPromptBehavior: dismiss and notify, webauthn:extension:credBlob: true, webauthn:extension:largeBlob: true, webauthn:virtualAuthenticators: true}
Session ID: daf40b9ba628fd08ecdc5f3ee49da15e]]>
            </message>
            <full-stacktrace>
              <![CDATA[org.openqa.selenium.NoSuchElementException: no such element: Unable to locate element: {"method":"xpath","selector":"//input[@name='username']"}
  (Session info: chrome=108.0.5359.125)
For documentation on this error, please visit: https://selenium.dev/exceptions/#no_such_element
Build info: version: '4.0.0-rc-1', revision: 'bc5511cbda'
System info: host: 'DESKTOP-PSK9T3U', ip: '10.200.4.220', os.name: 'Windows 10', os.arch: 'amd64', os.version: '10.0', java.version: '17.0.1'
Driver info: org.openqa.selenium.chrome.ChromeDriver
Command: [daf40b9ba628fd08ecdc5f3ee49da15e, findElement {using=xpath, value=//input[@name='username']}]
Capabilities {acceptInsecureCerts: false, browserName: chrome, browserVersion: 108.0.5359.125, chrome: {chromedriverVersion: 108.0.5359.71 (1e0e3868ee06..., userDataDir: C:\Users\ININDC~1\AppData\L...}, goog:chromeOptions: {debuggerAddress: localhost:55614}, javascriptEnabled: true, networkConnectionEnabled: false, pageLoadStrategy: normal, platform: WINDOWS, platformName: WINDOWS, proxy: Proxy(), se:cdp: ws://localhost:55614/devtoo..., se:cdpVersion: 108.0.5359.125, setWindowRect: true, strictFileInteractability: false, timeouts: {implicit: 0, pageLoad: 300000, script: 30000}, unhandledPromptBehavior: dismiss and notify, webauthn:extension:credBlob: true, webauthn:extension:largeBlob: true, webauthn:virtualAuthenticators: true}
Session ID: daf40b9ba628fd08ecdc5f3ee49da15e
at java.base/jdk.internal.reflect.NativeConstructorAccessorImpl.newInstance0(Native Method)
at java.base/jdk.internal.reflect.NativeConstructorAccessorImpl.newInstance(NativeConstructorAccessorImpl.java:77)
at java.base/jdk.internal.reflect.DelegatingConstructorAccessorImpl.newInstance(DelegatingConstructorAccessorImpl.java:45)
at java.base/java.lang.reflect.Constructor.newInstanceWithCaller(Constructor.java:499)
at java.base/java.lang.reflect.Constructor.newInstance(Constructor.java:480)
at org.openqa.selenium.remote.codec.w3c.W3CHttpResponseCodec.createException(W3CHttpResponseCodec.java:200)
at org.openqa.selenium.remote.codec.w3c.W3CHttpResponseCodec.decode(W3CHttpResponseCodec.java:133)
at org.openqa.selenium.remote.codec.w3c.W3CHttpResponseCodec.decode(W3CHttpResponseCodec.java:53)
at org.openqa.selenium.remote.HttpCommandExecutor.execute(HttpCommandExecutor.java:184)
at org.openqa.selenium.remote.service.DriverCommandExecutor.invokeExecute(DriverCommandExecutor.java:164)
at org.openqa.selenium.remote.service.DriverCommandExecutor.execute(DriverCommandExecutor.java:139)
at org.openqa.selenium.remote.RemoteWebDriver.execute(RemoteWebDriver.java:547)
at org.openqa.selenium.remote.ElementLocation$ElementFinder$2.findElement(ElementLocation.java:162)
at org.openqa.selenium.remote.ElementLocation.findElement(ElementLocation.java:60)
at org.openqa.selenium.remote.RemoteWebDriver.findElement(RemoteWebDriver.java:381)
at org.openqa.selenium.remote.RemoteWebDriver.findElement(RemoteWebDriver.java:373)
at org.openqa.selenium.support.pagefactory.DefaultElementLocator.findElement(DefaultElementLocator.java:70)
at org.openqa.selenium.support.pagefactory.internal.LocatingElementHandler.invoke(LocatingElementHandler.java:39)
at jdk.proxy2/jdk.proxy2.$Proxy46.sendKeys(Unknown Source)
at stepdefinitions.KUBS_Login.loginToAzentioAppByMaker(KUBS_Login.java:40)
at stepdefinitions.ACCOUNTSPAYABLE_VendorContracts.user_should_go_to_the_kubs_url_and_login_as_a_maker_user(ACCOUNTSPAYABLE_VendorContracts.java:47)
at ✽.User should go to the kubs url and login as a maker user(file:///C:/Users/ININDC00091/git/AzentioAutomationFramework/DeveshFW_Excel/ARAP_AzentioAutomationFramework_Excel/src/test/java/features/ArAp_2_Excel.feature:1110)
]]>
            </full-stacktrace>
          </exception> <!-- org.openqa.selenium.NoSuchElementException -->
          <reporter-output>
          </reporter-output>
        </test-method> <!-- runScenario -->
        <test-method is-config="true" signature="tearDownClass()[pri:0, instance:Runner.TestApplication@2d901eb0]" started-at="2023-01-11T18:37:32 AST" name="tearDownClass" finished-at="2023-01-11T18:37:37 AST" duration-ms="5256" status="PASS">
          <reporter-output>
          </reporter-output>
        </test-method> <!-- tearDownClass -->
        <test-method is-config="true" signature="afterExecution()[pri:0, instance:Runner.TestApplication@2d901eb0]" started-at="2023-01-11T18:37:37 AST" name="afterExecution" finished-at="2023-01-11T18:37:38 AST" duration-ms="317" status="PASS">
          <reporter-output>
          </reporter-output>
        </test-method> <!-- afterExecution -->
      </class> <!-- Runner.TestApplication -->
    </test> <!-- Default test -->
  </suite> <!-- Default suite -->
</testng-results>
