<?xml version="1.0" encoding="UTF-8"?>
<testng-results ignored="0" total="1" passed="0" failed="1" skipped="0">
  <reporter-output>
  </reporter-output>
  <suite started-at="2023-01-24T15:10:15 IST" name="Default suite" finished-at="2023-01-24T15:11:45 IST" duration-ms="90022">
    <groups>
      <group name="cucumber">
        <method signature="AbstractTestNGCucumberTests.runScenario(io.cucumber.testng.PickleWrapper,io.cucumber.testng.FeatureWrapper)[pri:0, instance:Runner.TestApplication@1c5920df]" name="runScenario" class="io.cucumber.testng.AbstractTestNGCucumberTests"/>
      </group> <!-- cucumber -->
    </groups>
    <test started-at="2023-01-24T15:10:15 IST" name="Default test" finished-at="2023-01-24T15:11:45 IST" duration-ms="90022">
      <class name="Runner.TestApplication">
        <test-method is-config="true" signature="beforeExecution()[pri:0, instance:Runner.TestApplication@1c5920df]" started-at="2023-01-24T15:10:15 IST" name="beforeExecution" finished-at="2023-01-24T15:10:15 IST" duration-ms="10" status="PASS">
          <reporter-output>
          </reporter-output>
        </test-method> <!-- beforeExecution -->
        <test-method is-config="true" signature="setUpClass()[pri:0, instance:Runner.TestApplication@1c5920df]" started-at="2023-01-24T15:10:15 IST" name="setUpClass" finished-at="2023-01-24T15:10:17 IST" duration-ms="2054" status="PASS">
          <reporter-output>
          </reporter-output>
        </test-method> <!-- setUpClass -->
        <test-method signature="runScenario(io.cucumber.testng.PickleWrapper,io.cucumber.testng.FeatureWrapper)[pri:0, instance:Runner.TestApplication@1c5920df]" started-at="2023-01-24T15:10:17 IST" name="runScenario" description="Runs Cucumber Scenarios" data-provider="scenarios" finished-at="2023-01-24T15:11:35 IST" duration-ms="78015" status="FAIL">
          <params>
            <param index="0">
              <value>
                <![CDATA["Check submitting Bank recon is not allowed if there is any unmatched records from Bank Side"]]>
              </value>
            </param>
            <param index="1">
              <value>
                <![CDATA["Optional[Check the functionality of the Bank Reconciliation]"]]>
              </value>
            </param>
          </params>
          <exception class="java.lang.AssertionError">
            <message>
              <![CDATA[expected [File extension is not as per the configuration] but found [File validated successfully]]]>
            </message>
            <full-stacktrace>
              <![CDATA[java.lang.AssertionError: expected [File extension is not as per the configuration] but found [File validated successfully]
at org.testng.Assert.fail(Assert.java:99)
at org.testng.Assert.failNotEquals(Assert.java:1037)
at org.testng.Assert.assertEqualsImpl(Assert.java:140)
at org.testng.Assert.assertEquals(Assert.java:122)
at org.testng.Assert.assertEquals(Assert.java:629)
at org.testng.Assert.assertEquals(Assert.java:639)
at stepdefinitions.Bank_Recon.check_the_file_validated_successfully_or_not(Bank_Recon.java:105)
at ✽.check the file validated  successfully or not(file:///C:/Users/ININDC00071/git/AzentioAutomationFramework_KarthiM/AzentioAutomationFramework_ExcelKUBSKarthiM2/src/test/java/features/BankReconExcel.feature:14)
]]>
            </full-stacktrace>
          </exception> <!-- java.lang.AssertionError -->
          <reporter-output>
          </reporter-output>
        </test-method> <!-- runScenario -->
        <test-method is-config="true" signature="tearDownClass()[pri:0, instance:Runner.TestApplication@1c5920df]" started-at="2023-01-24T15:11:35 IST" name="tearDownClass" finished-at="2023-01-24T15:11:45 IST" duration-ms="9888" status="PASS">
          <reporter-output>
          </reporter-output>
        </test-method> <!-- tearDownClass -->
        <test-method is-config="true" signature="afterExecution()[pri:0, instance:Runner.TestApplication@1c5920df]" started-at="2023-01-24T15:11:45 IST" name="afterExecution" finished-at="2023-01-24T15:11:46 IST" duration-ms="621" status="PASS">
          <reporter-output>
          </reporter-output>
        </test-method> <!-- afterExecution -->
      </class> <!-- Runner.TestApplication -->
    </test> <!-- Default test -->
  </suite> <!-- Default suite -->
</testng-results>
