<?xml version="1.0" encoding="UTF-8"?>
<testng-results ignored="0" total="1" passed="1" failed="0" skipped="0">
  <reporter-output>
  </reporter-output>
  <suite started-at="2022-12-12T18:20:39 IST" name="Default suite" finished-at="2022-12-12T18:21:33 IST" duration-ms="53900">
    <groups>
      <group name="cucumber">
        <method signature="AbstractTestNGCucumberTests.runScenario(io.cucumber.testng.PickleWrapper,io.cucumber.testng.FeatureWrapper)[pri:0, instance:Runner.TestApplication@3f191845]" name="runScenario" class="io.cucumber.testng.AbstractTestNGCucumberTests"/>
      </group> <!-- cucumber -->
    </groups>
    <test started-at="2022-12-12T18:20:39 IST" name="Default test" finished-at="2022-12-12T18:21:33 IST" duration-ms="53900">
      <class name="Runner.TestApplication">
        <test-method is-config="true" signature="beforeExecution()[pri:0, instance:Runner.TestApplication@3f191845]" started-at="2022-12-12T18:20:39 IST" name="beforeExecution" finished-at="2022-12-12T18:20:39 IST" duration-ms="8" status="PASS">
          <reporter-output>
          </reporter-output>
        </test-method> <!-- beforeExecution -->
        <test-method is-config="true" signature="setUpClass()[pri:0, instance:Runner.TestApplication@3f191845]" started-at="2022-12-12T18:20:39 IST" name="setUpClass" finished-at="2022-12-12T18:20:41 IST" duration-ms="1097" status="PASS">
          <reporter-output>
          </reporter-output>
        </test-method> <!-- setUpClass -->
        <test-method signature="runScenario(io.cucumber.testng.PickleWrapper,io.cucumber.testng.FeatureWrapper)[pri:0, instance:Runner.TestApplication@3f191845]" started-at="2022-12-12T18:20:41 IST" name="runScenario" description="Runs Cucumber Scenarios" data-provider="scenarios" finished-at="2022-12-12T18:21:27 IST" duration-ms="46644" status="PASS">
          <params>
            <param index="0">
              <value>
                <![CDATA["Verify cancelled payment txn is not available for payout on payout screen."]]>
              </value>
            </param>
            <param index="1">
              <value>
                <![CDATA["Optional[AR_AP Module]"]]>
              </value>
            </param>
          </params>
          <reporter-output>
          </reporter-output>
        </test-method> <!-- runScenario -->
        <test-method is-config="true" signature="tearDownClass()[pri:0, instance:Runner.TestApplication@3f191845]" started-at="2022-12-12T18:21:27 IST" name="tearDownClass" finished-at="2022-12-12T18:21:33 IST" duration-ms="6113" status="PASS">
          <reporter-output>
          </reporter-output>
        </test-method> <!-- tearDownClass -->
        <test-method is-config="true" signature="afterExecution()[pri:0, instance:Runner.TestApplication@3f191845]" started-at="2022-12-12T18:21:33 IST" name="afterExecution" finished-at="2022-12-12T18:21:34 IST" duration-ms="166" status="PASS">
          <reporter-output>
          </reporter-output>
        </test-method> <!-- afterExecution -->
      </class> <!-- Runner.TestApplication -->
    </test> <!-- Default test -->
  </suite> <!-- Default suite -->
</testng-results>
